This is pdfTeX, Version 3.14159265-2.6-1.40.15 (MiKTeX 2.9 64-bit) (preloaded format=pdflatex 2016.6.14)  4 JUL 2016 16:56
entering extended mode
**5.tex
(5.tex
LaTeX2e <2015/01/01>
Babel <3.9l> and hyphenation patterns for 69 languages loaded.
("C:\Program Files\MiKTeX 2.9\tex\latex\base\article.cls"
Document Class: article 2014/09/29 v1.4h Standard LaTeX document class
("C:\Program Files\MiKTeX 2.9\tex\latex\base\size10.clo"
File: size10.clo 2014/09/29 v1.4h Standard LaTeX file (size option)
)
\c@part=\count79
\c@section=\count80
\c@subsection=\count81
\c@subsubsection=\count82
\c@paragraph=\count83
\c@subparagraph=\count84
\c@figure=\count85
\c@table=\count86
\abovecaptionskip=\skip41
\belowcaptionskip=\skip42
\bibindent=\dimen102
) ("C:\Program Files\MiKTeX 2.9\tex\latex\amsmath\amsmath.sty"
Package: amsmath 2013/01/14 v2.14 AMS math features
\@mathmargin=\skip43
For additional information on amsmath, use the `?' option.
("C:\Program Files\MiKTeX 2.9\tex\latex\amsmath\amstext.sty"
Package: amstext 2000/06/29 v2.01
("C:\Program Files\MiKTeX 2.9\tex\latex\amsmath\amsgen.sty"
File: amsgen.sty 1999/11/30 v2.0
\@emptytoks=\toks14
\ex@=\dimen103
)) ("C:\Program Files\MiKTeX 2.9\tex\latex\amsmath\amsbsy.sty"
Package: amsbsy 1999/11/29 v1.2d
\pmbraise@=\dimen104
) ("C:\Program Files\MiKTeX 2.9\tex\latex\amsmath\amsopn.sty"
Package: amsopn 1999/12/14 v2.01 operator names
)
\inf@bad=\count87
LaTeX Info: Redefining \frac on input line 210.
\uproot@=\count88
\leftroot@=\count89
LaTeX Info: Redefining \overline on input line 306.
\classnum@=\count90
\DOTSCASE@=\count91
LaTeX Info: Redefining \ldots on input line 378.
LaTeX Info: Redefining \dots on input line 381.
LaTeX Info: Redefining \cdots on input line 466.
\Mathstrutbox@=\box26
\strutbox@=\box27
\big@size=\dimen105
LaTeX Font Info:    Redeclaring font encoding OML on input line 566.
LaTeX Font Info:    Redeclaring font encoding OMS on input line 567.
\macc@depth=\count92
\c@MaxMatrixCols=\count93
\dotsspace@=\muskip10
\c@parentequation=\count94
\dspbrk@lvl=\count95
\tag@help=\toks15
\row@=\count96
\column@=\count97
\maxfields@=\count98
\andhelp@=\toks16
\eqnshift@=\dimen106
\alignsep@=\dimen107
\tagshift@=\dimen108
\tagwidth@=\dimen109
\totwidth@=\dimen110
\lineht@=\dimen111
\@envbody=\toks17
\multlinegap=\skip44
\multlinetaggap=\skip45
\mathdisplay@stack=\toks18
LaTeX Info: Redefining \[ on input line 2665.
LaTeX Info: Redefining \] on input line 2666.
)
(C:\Windows\system32\config\systemprofile\AppData\Roaming\MiKTeX\2.9\tex\latex\
eqexam\eqexam.sty
Package: eqexam 2016/01/18 v4.6 An Exam Construction Package (dps)
("C:\Program Files\MiKTeX 2.9\tex\generic\oberdiek\ifpdf.sty"
Package: ifpdf 2011/01/30 v2.3 Provides the ifpdf switch (HO)
Package ifpdf Info: pdfTeX in PDF mode is detected.
) ("C:\Program Files\MiKTeX 2.9\tex\generic\ifxetex\ifxetex.sty"
Package: ifxetex 2010/09/12 v0.6 Provides ifxetex conditional
) ("C:\Program Files\MiKTeX 2.9\tex\latex\xkeyval\xkeyval.sty"
Package: xkeyval 2014/12/03 v2.7a package option processing (HA)
("C:\Program Files\MiKTeX 2.9\tex\generic\xkeyval\xkeyval.tex" ("C:\Program Fil
es\MiKTeX 2.9\tex\generic\xkeyval\xkvutils.tex"
\XKV@toks=\toks19
\XKV@tempa@toks=\toks20
("C:\Program Files\MiKTeX 2.9\tex\generic\xkeyval\keyval.tex"))
\XKV@depth=\count99
File: xkeyval.tex 2014/12/03 v2.7a key=value parser (HA)
))
(C:\Windows\system32\config\systemprofile\AppData\Roaming\MiKTeX\2.9\tex\latex\
xcolor\xcolor.sty
Package: xcolor 2016/05/11 v2.12 LaTeX color extensions (UK)
("C:\Program Files\MiKTeX 2.9\tex\latex\00miktex\color.cfg"
File: color.cfg 2007/01/18 v1.5 color configuration of teTeX/TeXLive
)
Package xcolor Info: Driver file: pdftex.def on input line 225.
("C:\Program Files\MiKTeX 2.9\tex\latex\pdftex-def\pdftex.def"
File: pdftex.def 2011/05/27 v0.06d Graphics/color for pdfTeX
("C:\Program Files\MiKTeX 2.9\tex\generic\oberdiek\infwarerr.sty"
Package: infwarerr 2010/04/08 v1.3 Providing info/warning/error messages (HO)
) ("C:\Program Files\MiKTeX 2.9\tex\generic\oberdiek\ltxcmds.sty"
Package: ltxcmds 2011/11/09 v1.22 LaTeX kernel commands for general use (HO)
)
\Gread@gobject=\count100
)
Package xcolor Info: Model `cmy' substituted by `cmy0' on input line 1348.
Package xcolor Info: Model `hsb' substituted by `rgb' on input line 1352.
Package xcolor Info: Model `RGB' extended on input line 1364.
Package xcolor Info: Model `HTML' substituted by `rgb' on input line 1366.
Package xcolor Info: Model `Hsb' substituted by `hsb' on input line 1367.
Package xcolor Info: Model `tHsb' substituted by `hsb' on input line 1368.
Package xcolor Info: Model `HSB' substituted by `hsb' on input line 1369.
Package xcolor Info: Model `Gray' substituted by `gray' on input line 1370.
Package xcolor Info: Model `wave' substituted by `hsb' on input line 1371.
) ("C:\Program Files\MiKTeX 2.9\tex\latex\amsfonts\amssymb.sty"
Package: amssymb 2013/01/14 v3.01 AMS font symbols
("C:\Program Files\MiKTeX 2.9\tex\latex\amsfonts\amsfonts.sty"
Package: amsfonts 2013/01/14 v3.01 Basic AMSFonts support
\symAMSa=\mathgroup4
\symAMSb=\mathgroup5
LaTeX Font Info:    Overwriting math alphabet `\mathfrak' in version `bold'
(Font)                  U/euf/m/n --> U/euf/b/n on input line 106.
))
(C:\Windows\system32\config\systemprofile\AppData\Roaming\MiKTeX\2.9\tex\latex\
comment\comment.sty
\CommentStream=\write3
Excluding comment 'comment') ("C:\Program Files\MiKTeX 2.9\tex\latex\tools\calc
.sty"
Package: calc 2014/10/28 v4.3 Infix arithmetic (KKT,FJ)
\calc@Acount=\count101
\calc@Bcount=\count102
\calc@Adimen=\dimen112
\calc@Bdimen=\dimen113
\calc@Askip=\skip46
\calc@Bskip=\skip47
LaTeX Info: Redefining \setlength on input line 80.
LaTeX Info: Redefining \addtolength on input line 81.
\calc@Ccount=\count103
\calc@Cskip=\skip48
) ("C:\Program Files\MiKTeX 2.9\tex\latex\psnfss\pifont.sty"
Package: pifont 2005/04/12 PSNFSS-v9.2a Pi font support (SPQR) 
LaTeX Font Info:    Try loading font information for U+pzd on input line 63.
("C:\Program Files\MiKTeX 2.9\tex\latex\psnfss\upzd.fd"
File: upzd.fd 2001/06/04 font definitions for U/pzd.
)
LaTeX Font Info:    Try loading font information for U+psy on input line 64.
("C:\Program Files\MiKTeX 2.9\tex\latex\psnfss\upsy.fd"
File: upsy.fd 2001/06/04 font definitions for U/psy.
)) ("C:\Program Files\MiKTeX 2.9\tex\latex\tools\array.sty"
Package: array 2014/10/28 v2.4c Tabular extension package (FMi)
\col@sep=\dimen114
\extrarowheight=\dimen115
\NC@list=\toks21
\extratabsurround=\skip49
\backup@length=\skip50
) ("C:\Program Files\MiKTeX 2.9\tex\latex\tools\verbatim.sty"
Package: verbatim 2014/10/28 v1.5q LaTeX2e package for verbatim enhancements
\every@verbatim=\toks22
\verbatim@line=\toks23
\verbatim@in@stream=\read1
) ("C:\Program Files\MiKTeX 2.9\tex\latex\tools\multicol.sty"
Package: multicol 2015/03/31 v1.8m multicolumn formatting (FMi)
\c@tracingmulticols=\count104
\mult@box=\box28
\multicol@leftmargin=\dimen116
\c@unbalance=\count105
\c@collectmore=\count106
\doublecol@number=\count107
\multicoltolerance=\count108
\multicolpretolerance=\count109
\full@width=\dimen117
\page@free=\dimen118
\premulticols=\dimen119
\postmulticols=\dimen120
\multicolsep=\skip51
\multicolbaselineskip=\skip52
\partial@page=\box29
\last@line=\box30
\maxbalancingoverflow=\dimen121
\mult@rightbox=\box31
\mult@grightbox=\box32
\mult@gfirstbox=\box33
\mult@firstbox=\box34
\@tempa=\box35
\@tempa=\box36
\@tempa=\box37
\@tempa=\box38
\@tempa=\box39
\@tempa=\box40
\@tempa=\box41
\@tempa=\box42
\@tempa=\box43
\@tempa=\box44
\@tempa=\box45
\@tempa=\box46
\@tempa=\box47
\@tempa=\box48
\@tempa=\box49
\@tempa=\box50
\@tempa=\box51
\c@columnbadness=\count110
\c@finalcolumnbadness=\count111
\last@try=\dimen122
\multicolovershoot=\dimen123
\multicolundershoot=\dimen124
\mult@nat@firstbox=\box52
\colbreak@box=\box53
\mc@col@check@num=\count112
)
\eqemargin=\skip53
\c@eqpointsofar=\count113
\c@eqpointsthispage=\count114
\c@eq@numparts=\count115
\c@eq@count=\count116
\partNames=\toks24
\eq@tmplengthA=\skip54
\eq@pointbox=\box54
\eq@pointboxtotalheight=\skip55
\eqetmplengtha=\skip56
\eqetmplengthb=\skip57
\eqtemptokena=\toks25
\eqtemptokenb=\toks26

(C:\Windows\system32\config\systemprofile\AppData\Roaming\MiKTeX\2.9\tex\latex\
eqexam\eqalone.def
File: eqalone.def 2012/25/01 v3.0t Minimal code used by eqexam (dps)
\eq@tmpbox=\box55
\eq@tmpdima=\dimen125
\eqcenterWidget=\dimen126
)
(C:\Windows\system32\config\systemprofile\AppData\Roaming\MiKTeX\2.9\tex\latex\
eqexam\eqexam.def
File: eqexam.def 2015/11/26 v7.7f Exerquiz support file for eqexam (dps)
\ex@solns=\write4
\eq@xrefdefns=\write5
\quiz@solns=\write6
\c@eqexno=\count117
\c@@exno=\count118
\c@quizno=\count119
\c@eqpointvalue=\count120
\eq@tmplength=\skip58
\eqtmplength=\skip59
\c@questionno=\count121
\c@eqquestionnoi=\count122
\c@eqquestionnoii=\count123
\c@eqquestionnoiii=\count124
\@eqquestiondepth=\count125
\c@partno=\count126
\eq@scratchtoks=\toks27
\eq@extabColCnt=\count127
Package exerquiz/eqexam Info: Executing \autotabOff on input line 657.
\aboveanswersSkip=\skip60
\eq@tabColCnt=\count128
)
LaTeX Font Info:    Try loading font information for U+msa on input line 1511.
("C:\Program Files\MiKTeX 2.9\tex\latex\amsfonts\umsa.fd"
File: umsa.fd 2013/01/14 v3.01 AMS symbols A
)
LaTeX Font Info:    Try loading font information for U+msb on input line 1511.
("C:\Program Files\MiKTeX 2.9\tex\latex\amsfonts\umsb.fd"
File: umsb.fd 2013/01/14 v3.01 AMS symbols B
)
\eqevtranstotbox=\skip61
\c@markerCnt=\count129
\workareasb=\box56
\eqpanelbox=\box57
\eqepanelwidth=\dimen127
\eqepanelheight=\dimen128
\c@panel@cnt=\count130
\iacvspace=\skip62
\c@backofpage=\count131
\wlVspace=\skip63
)
inputting aebrandom.def

(C:\Windows\system32\config\systemprofile\AppData\Roaming\MiKTeX\2.9\tex\latex\
eqexam\aebrandom.def
File: aebrandom.def 2015/11/26 v7.7f Exerquiz support for randomization (dps)

(C:\Windows\system32\config\systemprofile\AppData\Roaming\MiKTeX\2.9\tex\generi
c\genmisc\random.tex
\randomi=\count132
\ranval=\count133
)
\aeb@numChoices=\count134
\aeb@ranChoice=\count135
\aeb@hold=\toks28
)
(C:\Windows\system32\config\systemprofile\AppData\Roaming\MiKTeX\2.9\tex\latex\
chemformula\chemformula.sty
(C:\Windows\system32\config\systemprofile\AppData\Roaming\MiKTeX\2.9\tex\latex\
l3kernel\expl3.sty
Package: expl3 2016/05/18 v6512 L3 programming layer (loader) 

(C:\Windows\system32\config\systemprofile\AppData\Roaming\MiKTeX\2.9\tex\latex\
l3kernel\expl3-code.tex
Package: expl3 2016/05/18 v6512 L3 programming layer (code)
L3 Module: l3bootstrap 2016/02/12 v6412 L3 Bootstrap code
L3 Module: l3names 2016/03/11 v6433 L3 Namespace for primitives
L3 Module: l3basics 2015/11/22 v6315 L3 Basic definitions
L3 Module: l3expan 2015/09/10 v5983 L3 Argument expansion
L3 Module: l3tl 2016/03/26 v6465 L3 Token lists
L3 Module: l3str 2016/03/24 v6441 L3 Strings
L3 Module: l3seq 2015/08/05 v5777 L3 Sequences and stacks
L3 Module: l3int 2016/03/24 v6441 L3 Integers
\c_max_int=\count136
\l_tmpa_int=\count137
\l_tmpb_int=\count138
\g_tmpa_int=\count139
\g_tmpb_int=\count140
L3 Module: l3quark 2015/08/17 v5855 L3 Quarks
L3 Module: l3prg 2015/11/01 v6216 L3 Control structures
\g__prg_map_int=\count141
L3 Module: l3clist 2015/09/02 v5901 L3 Comma separated lists
L3 Module: l3token 2016/04/03 v6470 L3 Experimental token manipulation
L3 Module: l3prop 2016/01/05 v6366 L3 Property lists
L3 Module: l3msg 2016/03/26 v6464 L3 Messages
L3 Module: l3file 2016/03/25 v6458 L3 File and I/O operations
\l_iow_line_count_int=\count142
\l__iow_target_count_int=\count143
\l__iow_current_line_int=\count144
\l__iow_current_word_int=\count145
\l__iow_current_indentation_int=\count146
L3 Module: l3skip 2016/01/05 v6366 L3 Dimensions and skips
\c_zero_dim=\dimen129
\c_max_dim=\dimen130
\l_tmpa_dim=\dimen131
\l_tmpb_dim=\dimen132
\g_tmpa_dim=\dimen133
\g_tmpb_dim=\dimen134
\c_zero_skip=\skip64
\c_max_skip=\skip65
\l_tmpa_skip=\skip66
\l_tmpb_skip=\skip67
\g_tmpa_skip=\skip68
\g_tmpb_skip=\skip69
\c_zero_muskip=\muskip11
\c_max_muskip=\muskip12
\l_tmpa_muskip=\muskip13
\l_tmpb_muskip=\muskip14
\g_tmpa_muskip=\muskip15
\g_tmpb_muskip=\muskip16
L3 Module: l3keys 2015/11/17 v6284 L3 Key-value interfaces
\g__keyval_level_int=\count147
\l_keys_choice_int=\count148
L3 Module: l3fp 2016/03/26 v6465 L3 Floating points
\c__fp_leading_shift_int=\count149
\c__fp_middle_shift_int=\count150
\c__fp_trailing_shift_int=\count151
\c__fp_big_leading_shift_int=\count152
\c__fp_big_middle_shift_int=\count153
\c__fp_big_trailing_shift_int=\count154
\c__fp_Bigg_leading_shift_int=\count155
\c__fp_Bigg_middle_shift_int=\count156
\c__fp_Bigg_trailing_shift_int=\count157
L3 Module: l3box 2015/08/09 v5822 L3 Experimental boxes
\c_empty_box=\box58
\l_tmpa_box=\box59
\l_tmpb_box=\box60
\g_tmpa_box=\box61
\g_tmpb_box=\box62
L3 Module: l3coffins 2016/05/17 v6508 L3 Coffin code layer
\l__coffin_internal_box=\box63
\l__coffin_internal_dim=\dimen135
\l__coffin_offset_x_dim=\dimen136
\l__coffin_offset_y_dim=\dimen137
\l__coffin_x_dim=\dimen138
\l__coffin_y_dim=\dimen139
\l__coffin_x_prime_dim=\dimen140
\l__coffin_y_prime_dim=\dimen141
\c_empty_coffin=\box64
\l__coffin_aligned_coffin=\box65
\l__coffin_aligned_internal_coffin=\box66
\l_tmpa_coffin=\box67
\l_tmpb_coffin=\box68
\l__coffin_display_coffin=\box69
\l__coffin_display_coord_coffin=\box70
\l__coffin_display_pole_coffin=\box71
\l__coffin_display_offset_dim=\dimen142
\l__coffin_display_x_dim=\dimen143
\l__coffin_display_y_dim=\dimen144
L3 Module: l3color 2014/08/23 v5354 L3 Experimental color support
L3 Module: l3sys 2015/09/25 v6087 L3 Experimental system/runtime functions
L3 Module: l3candidates 2016/05/13 v6484 L3 Experimental additions to l3kernel
\l__box_top_dim=\dimen145
\l__box_bottom_dim=\dimen146
\l__box_left_dim=\dimen147
\l__box_right_dim=\dimen148
\l__box_top_new_dim=\dimen149
\l__box_bottom_new_dim=\dimen150
\l__box_left_new_dim=\dimen151
\l__box_right_new_dim=\dimen152
\l__box_internal_box=\box72
\l__coffin_bounding_shift_dim=\dimen153
\l__coffin_left_corner_dim=\dimen154
\l__coffin_right_corner_dim=\dimen155
\l__coffin_bottom_corner_dim=\dimen156
\l__coffin_top_corner_dim=\dimen157
\l__coffin_scaled_total_height_dim=\dimen158
\l__coffin_scaled_width_dim=\dimen159
L3 Module: l3luatex 2016/03/26 v6465 L3 Experimental LuaTeX-specific functions
)
(C:\Windows\system32\config\systemprofile\AppData\Roaming\MiKTeX\2.9\tex\latex\
l3kernel\l3pdfmode.def
File: l3pdfmode.def 2016/03/26 v6465 L3 Experimental driver: PDF mode
\l__driver_color_stack_int=\count158
\l__driver_tmp_box=\box73
))
(C:\Windows\system32\config\systemprofile\AppData\Roaming\MiKTeX\2.9\tex\latex\
l3packages\xparse\xparse.sty
Package: xparse 2016/05/18 v6512 L3 Experimental document command parser
\l__xparse_current_arg_int=\count159
\l__xparse_m_args_int=\count160
\l__xparse_mandatory_args_int=\count161
\l__xparse_processor_int=\count162
\l__xparse_v_nesting_int=\count163
)
(C:\Windows\system32\config\systemprofile\AppData\Roaming\MiKTeX\2.9\tex\latex\
l3packages\l3keys2e\l3keys2e.sty
Package: l3keys2e 2016/05/18 v6512 LaTeX2e option processing using LaTeX3 keys
)
(C:\Windows\system32\config\systemprofile\AppData\Roaming\MiKTeX\2.9\tex\latex\
pgf\frontendlayer\tikz.sty
(C:\Windows\system32\config\systemprofile\AppData\Roaming\MiKTeX\2.9\tex\latex\
pgf\basiclayer\pgf.sty
(C:\Windows\system32\config\systemprofile\AppData\Roaming\MiKTeX\2.9\tex\latex\
pgf\utilities\pgfrcs.sty
(C:\Windows\system32\config\systemprofile\AppData\Roaming\MiKTeX\2.9\tex\generi
c\pgf\utilities\pgfutil-common.tex
\pgfutil@everybye=\toks29
\pgfutil@tempdima=\dimen160
\pgfutil@tempdimb=\dimen161

(C:\Windows\system32\config\systemprofile\AppData\Roaming\MiKTeX\2.9\tex\generi
c\pgf\utilities\pgfutil-common-lists.tex))
(C:\Windows\system32\config\systemprofile\AppData\Roaming\MiKTeX\2.9\tex\generi
c\pgf\utilities\pgfutil-latex.def
\pgfutil@abb=\box74

(C:\Windows\system32\config\systemprofile\AppData\Roaming\MiKTeX\2.9\tex\latex\
ms\everyshi.sty
Package: everyshi 2001/05/15 v3.00 EveryShipout Package (MS)
))
(C:\Windows\system32\config\systemprofile\AppData\Roaming\MiKTeX\2.9\tex\generi
c\pgf\utilities\pgfrcs.code.tex
Package: pgfrcs 2015/08/07 v3.0.1a (rcs-revision 1.31)
))
Package: pgf 2015/08/07 v3.0.1a (rcs-revision 1.15)

(C:\Windows\system32\config\systemprofile\AppData\Roaming\MiKTeX\2.9\tex\latex\
pgf\basiclayer\pgfcore.sty ("C:\Program Files\MiKTeX 2.9\tex\latex\graphics\gra
phicx.sty"
Package: graphicx 2014/10/28 v1.0g Enhanced LaTeX Graphics (DPC,SPQR)
("C:\Program Files\MiKTeX 2.9\tex\latex\graphics\graphics.sty"
Package: graphics 2014/10/28 v1.0p Standard LaTeX Graphics (DPC,SPQR)
("C:\Program Files\MiKTeX 2.9\tex\latex\graphics\trig.sty"
Package: trig 1999/03/16 v1.09 sin cos tan (DPC)
) ("C:\Program Files\MiKTeX 2.9\tex\latex\00miktex\graphics.cfg"
File: graphics.cfg 2007/01/18 v1.5 graphics configuration of teTeX/TeXLive
)
Package graphics Info: Driver file: pdftex.def on input line 94.
)
\Gin@req@height=\dimen162
\Gin@req@width=\dimen163
)
(C:\Windows\system32\config\systemprofile\AppData\Roaming\MiKTeX\2.9\tex\latex\
pgf\systemlayer\pgfsys.sty
(C:\Windows\system32\config\systemprofile\AppData\Roaming\MiKTeX\2.9\tex\generi
c\pgf\systemlayer\pgfsys.code.tex
Package: pgfsys 2014/07/09 v3.0.1a (rcs-revision 1.48)

(C:\Windows\system32\config\systemprofile\AppData\Roaming\MiKTeX\2.9\tex\generi
c\pgf\utilities\pgfkeys.code.tex
\pgfkeys@pathtoks=\toks30
\pgfkeys@temptoks=\toks31

(C:\Windows\system32\config\systemprofile\AppData\Roaming\MiKTeX\2.9\tex\generi
c\pgf\utilities\pgfkeysfiltered.code.tex
\pgfkeys@tmptoks=\toks32
))
\pgf@x=\dimen164
\pgf@y=\dimen165
\pgf@xa=\dimen166
\pgf@ya=\dimen167
\pgf@xb=\dimen168
\pgf@yb=\dimen169
\pgf@xc=\dimen170
\pgf@yc=\dimen171
\w@pgf@writea=\write7
\r@pgf@reada=\read2
\c@pgf@counta=\count164
\c@pgf@countb=\count165
\c@pgf@countc=\count166
\c@pgf@countd=\count167
\t@pgf@toka=\toks33
\t@pgf@tokb=\toks34
\t@pgf@tokc=\toks35

(C:\Windows\system32\config\systemprofile\AppData\Roaming\MiKTeX\2.9\tex\generi
c\pgf\systemlayer\pgf.cfg
File: pgf.cfg 2008/05/14  (rcs-revision 1.7)
)
Driver file for pgf: pgfsys-pdftex.def

(C:\Windows\system32\config\systemprofile\AppData\Roaming\MiKTeX\2.9\tex\generi
c\pgf\systemlayer\pgfsys-pdftex.def
File: pgfsys-pdftex.def 2014/10/11  (rcs-revision 1.35)

(C:\Windows\system32\config\systemprofile\AppData\Roaming\MiKTeX\2.9\tex\generi
c\pgf\systemlayer\pgfsys-common-pdf.def
File: pgfsys-common-pdf.def 2013/10/10  (rcs-revision 1.13)
)))
(C:\Windows\system32\config\systemprofile\AppData\Roaming\MiKTeX\2.9\tex\generi
c\pgf\systemlayer\pgfsyssoftpath.code.tex
File: pgfsyssoftpath.code.tex 2013/09/09  (rcs-revision 1.9)
\pgfsyssoftpath@smallbuffer@items=\count168
\pgfsyssoftpath@bigbuffer@items=\count169
)
(C:\Windows\system32\config\systemprofile\AppData\Roaming\MiKTeX\2.9\tex\generi
c\pgf\systemlayer\pgfsysprotocol.code.tex
File: pgfsysprotocol.code.tex 2006/10/16  (rcs-revision 1.4)
))
(C:\Windows\system32\config\systemprofile\AppData\Roaming\MiKTeX\2.9\tex\generi
c\pgf\basiclayer\pgfcore.code.tex
Package: pgfcore 2010/04/11 v3.0.1a (rcs-revision 1.7)

(C:\Windows\system32\config\systemprofile\AppData\Roaming\MiKTeX\2.9\tex\generi
c\pgf\math\pgfmath.code.tex
(C:\Windows\system32\config\systemprofile\AppData\Roaming\MiKTeX\2.9\tex\generi
c\pgf\math\pgfmathcalc.code.tex
(C:\Windows\system32\config\systemprofile\AppData\Roaming\MiKTeX\2.9\tex\generi
c\pgf\math\pgfmathutil.code.tex)
(C:\Windows\system32\config\systemprofile\AppData\Roaming\MiKTeX\2.9\tex\generi
c\pgf\math\pgfmathparser.code.tex
\pgfmath@dimen=\dimen172
\pgfmath@count=\count170
\pgfmath@box=\box75
\pgfmath@toks=\toks36
\pgfmath@stack@operand=\toks37
\pgfmath@stack@operation=\toks38
)
(C:\Windows\system32\config\systemprofile\AppData\Roaming\MiKTeX\2.9\tex\generi
c\pgf\math\pgfmathfunctions.code.tex
(C:\Windows\system32\config\systemprofile\AppData\Roaming\MiKTeX\2.9\tex\generi
c\pgf\math\pgfmathfunctions.basic.code.tex)
(C:\Windows\system32\config\systemprofile\AppData\Roaming\MiKTeX\2.9\tex\generi
c\pgf\math\pgfmathfunctions.trigonometric.code.tex)
(C:\Windows\system32\config\systemprofile\AppData\Roaming\MiKTeX\2.9\tex\generi
c\pgf\math\pgfmathfunctions.random.code.tex)
(C:\Windows\system32\config\systemprofile\AppData\Roaming\MiKTeX\2.9\tex\generi
c\pgf\math\pgfmathfunctions.comparison.code.tex)
(C:\Windows\system32\config\systemprofile\AppData\Roaming\MiKTeX\2.9\tex\generi
c\pgf\math\pgfmathfunctions.base.code.tex)
(C:\Windows\system32\config\systemprofile\AppData\Roaming\MiKTeX\2.9\tex\generi
c\pgf\math\pgfmathfunctions.round.code.tex)
(C:\Windows\system32\config\systemprofile\AppData\Roaming\MiKTeX\2.9\tex\generi
c\pgf\math\pgfmathfunctions.misc.code.tex)
(C:\Windows\system32\config\systemprofile\AppData\Roaming\MiKTeX\2.9\tex\generi
c\pgf\math\pgfmathfunctions.integerarithmetics.code.tex)))
(C:\Windows\system32\config\systemprofile\AppData\Roaming\MiKTeX\2.9\tex\generi
c\pgf\math\pgfmathfloat.code.tex
\c@pgfmathroundto@lastzeros=\count171
))
(C:\Windows\system32\config\systemprofile\AppData\Roaming\MiKTeX\2.9\tex\generi
c\pgf\basiclayer\pgfcorepoints.code.tex
File: pgfcorepoints.code.tex 2013/10/07  (rcs-revision 1.27)
\pgf@picminx=\dimen173
\pgf@picmaxx=\dimen174
\pgf@picminy=\dimen175
\pgf@picmaxy=\dimen176
\pgf@pathminx=\dimen177
\pgf@pathmaxx=\dimen178
\pgf@pathminy=\dimen179
\pgf@pathmaxy=\dimen180
\pgf@xx=\dimen181
\pgf@xy=\dimen182
\pgf@yx=\dimen183
\pgf@yy=\dimen184
\pgf@zx=\dimen185
\pgf@zy=\dimen186
)
(C:\Windows\system32\config\systemprofile\AppData\Roaming\MiKTeX\2.9\tex\generi
c\pgf\basiclayer\pgfcorepathconstruct.code.tex
File: pgfcorepathconstruct.code.tex 2013/10/07  (rcs-revision 1.29)
\pgf@path@lastx=\dimen187
\pgf@path@lasty=\dimen188
)
(C:\Windows\system32\config\systemprofile\AppData\Roaming\MiKTeX\2.9\tex\generi
c\pgf\basiclayer\pgfcorepathusage.code.tex
File: pgfcorepathusage.code.tex 2014/11/02  (rcs-revision 1.24)
\pgf@shorten@end@additional=\dimen189
\pgf@shorten@start@additional=\dimen190
)
(C:\Windows\system32\config\systemprofile\AppData\Roaming\MiKTeX\2.9\tex\generi
c\pgf\basiclayer\pgfcorescopes.code.tex
File: pgfcorescopes.code.tex 2015/05/08  (rcs-revision 1.46)
\pgfpic=\box76
\pgf@hbox=\box77
\pgf@layerbox@main=\box78
\pgf@picture@serial@count=\count172
)
(C:\Windows\system32\config\systemprofile\AppData\Roaming\MiKTeX\2.9\tex\generi
c\pgf\basiclayer\pgfcoregraphicstate.code.tex
File: pgfcoregraphicstate.code.tex 2014/11/02  (rcs-revision 1.12)
\pgflinewidth=\dimen191
)
(C:\Windows\system32\config\systemprofile\AppData\Roaming\MiKTeX\2.9\tex\generi
c\pgf\basiclayer\pgfcoretransformations.code.tex
File: pgfcoretransformations.code.tex 2015/08/07  (rcs-revision 1.20)
\pgf@pt@x=\dimen192
\pgf@pt@y=\dimen193
\pgf@pt@temp=\dimen194
)
(C:\Windows\system32\config\systemprofile\AppData\Roaming\MiKTeX\2.9\tex\generi
c\pgf\basiclayer\pgfcorequick.code.tex
File: pgfcorequick.code.tex 2008/10/09  (rcs-revision 1.3)
)
(C:\Windows\system32\config\systemprofile\AppData\Roaming\MiKTeX\2.9\tex\generi
c\pgf\basiclayer\pgfcoreobjects.code.tex
File: pgfcoreobjects.code.tex 2006/10/11  (rcs-revision 1.2)
)
(C:\Windows\system32\config\systemprofile\AppData\Roaming\MiKTeX\2.9\tex\generi
c\pgf\basiclayer\pgfcorepathprocessing.code.tex
File: pgfcorepathprocessing.code.tex 2013/09/09  (rcs-revision 1.9)
)
(C:\Windows\system32\config\systemprofile\AppData\Roaming\MiKTeX\2.9\tex\generi
c\pgf\basiclayer\pgfcorearrows.code.tex
File: pgfcorearrows.code.tex 2015/05/14  (rcs-revision 1.43)
\pgfarrowsep=\dimen195
)
(C:\Windows\system32\config\systemprofile\AppData\Roaming\MiKTeX\2.9\tex\generi
c\pgf\basiclayer\pgfcoreshade.code.tex
File: pgfcoreshade.code.tex 2013/07/15  (rcs-revision 1.15)
\pgf@max=\dimen196
\pgf@sys@shading@range@num=\count173
)
(C:\Windows\system32\config\systemprofile\AppData\Roaming\MiKTeX\2.9\tex\generi
c\pgf\basiclayer\pgfcoreimage.code.tex
File: pgfcoreimage.code.tex 2013/07/15  (rcs-revision 1.18)

(C:\Windows\system32\config\systemprofile\AppData\Roaming\MiKTeX\2.9\tex\generi
c\pgf\basiclayer\pgfcoreexternal.code.tex
File: pgfcoreexternal.code.tex 2014/07/09  (rcs-revision 1.21)
\pgfexternal@startupbox=\box79
))
(C:\Windows\system32\config\systemprofile\AppData\Roaming\MiKTeX\2.9\tex\generi
c\pgf\basiclayer\pgfcorelayers.code.tex
File: pgfcorelayers.code.tex 2013/07/18  (rcs-revision 1.7)
)
(C:\Windows\system32\config\systemprofile\AppData\Roaming\MiKTeX\2.9\tex\generi
c\pgf\basiclayer\pgfcoretransparency.code.tex
File: pgfcoretransparency.code.tex 2013/09/30  (rcs-revision 1.5)
)
(C:\Windows\system32\config\systemprofile\AppData\Roaming\MiKTeX\2.9\tex\generi
c\pgf\basiclayer\pgfcorepatterns.code.tex
File: pgfcorepatterns.code.tex 2013/11/07  (rcs-revision 1.5)
)))
(C:\Windows\system32\config\systemprofile\AppData\Roaming\MiKTeX\2.9\tex\generi
c\pgf\modules\pgfmoduleshapes.code.tex
File: pgfmoduleshapes.code.tex 2014/03/21  (rcs-revision 1.35)
\pgfnodeparttextbox=\box80
)
(C:\Windows\system32\config\systemprofile\AppData\Roaming\MiKTeX\2.9\tex\generi
c\pgf\modules\pgfmoduleplot.code.tex
File: pgfmoduleplot.code.tex 2015/08/03  (rcs-revision 1.13)
)
(C:\Windows\system32\config\systemprofile\AppData\Roaming\MiKTeX\2.9\tex\latex\
pgf\compatibility\pgfcomp-version-0-65.sty
Package: pgfcomp-version-0-65 2007/07/03 v3.0.1a (rcs-revision 1.7)
\pgf@nodesepstart=\dimen197
\pgf@nodesepend=\dimen198
)
(C:\Windows\system32\config\systemprofile\AppData\Roaming\MiKTeX\2.9\tex\latex\
pgf\compatibility\pgfcomp-version-1-18.sty
Package: pgfcomp-version-1-18 2007/07/23 v3.0.1a (rcs-revision 1.1)
))
(C:\Windows\system32\config\systemprofile\AppData\Roaming\MiKTeX\2.9\tex\latex\
pgf\utilities\pgffor.sty
(C:\Windows\system32\config\systemprofile\AppData\Roaming\MiKTeX\2.9\tex\latex\
pgf\utilities\pgfkeys.sty
(C:\Windows\system32\config\systemprofile\AppData\Roaming\MiKTeX\2.9\tex\generi
c\pgf\utilities\pgfkeys.code.tex))
(C:\Windows\system32\config\systemprofile\AppData\Roaming\MiKTeX\2.9\tex\latex\
pgf\math\pgfmath.sty
(C:\Windows\system32\config\systemprofile\AppData\Roaming\MiKTeX\2.9\tex\generi
c\pgf\math\pgfmath.code.tex))
(C:\Windows\system32\config\systemprofile\AppData\Roaming\MiKTeX\2.9\tex\generi
c\pgf\utilities\pgffor.code.tex
Package: pgffor 2013/12/13 v3.0.1a (rcs-revision 1.25)

(C:\Windows\system32\config\systemprofile\AppData\Roaming\MiKTeX\2.9\tex\generi
c\pgf\math\pgfmath.code.tex)
\pgffor@iter=\dimen199
\pgffor@skip=\dimen200
\pgffor@stack=\toks39
\pgffor@toks=\toks40
))
(C:\Windows\system32\config\systemprofile\AppData\Roaming\MiKTeX\2.9\tex\generi
c\pgf\frontendlayer\tikz\tikz.code.tex
Package: tikz 2015/08/07 v3.0.1a (rcs-revision 1.151)

(C:\Windows\system32\config\systemprofile\AppData\Roaming\MiKTeX\2.9\tex\generi
c\pgf\libraries\pgflibraryplothandlers.code.tex
File: pgflibraryplothandlers.code.tex 2013/08/31 v3.0.1a (rcs-revision 1.20)
\pgf@plot@mark@count=\count174
\pgfplotmarksize=\dimen201
)
\tikz@lastx=\dimen202
\tikz@lasty=\dimen203
\tikz@lastxsaved=\dimen204
\tikz@lastysaved=\dimen205
\tikzleveldistance=\dimen206
\tikzsiblingdistance=\dimen207
\tikz@figbox=\box81
\tikz@figbox@bg=\box82
\tikz@tempbox=\box83
\tikz@tempbox@bg=\box84
\tikztreelevel=\count175
\tikznumberofchildren=\count176
\tikznumberofcurrentchild=\count177
\tikz@fig@count=\count178

(C:\Windows\system32\config\systemprofile\AppData\Roaming\MiKTeX\2.9\tex\generi
c\pgf\modules\pgfmodulematrix.code.tex
File: pgfmodulematrix.code.tex 2013/09/17  (rcs-revision 1.8)
\pgfmatrixcurrentrow=\count179
\pgfmatrixcurrentcolumn=\count180
\pgf@matrix@numberofcolumns=\count181
)
\tikz@expandcount=\count182

(C:\Windows\system32\config\systemprofile\AppData\Roaming\MiKTeX\2.9\tex\generi
c\pgf\frontendlayer\tikz\libraries\tikzlibrarytopaths.code.tex
File: tikzlibrarytopaths.code.tex 2008/06/17 v3.0.1a (rcs-revision 1.2)
)))
(C:\Windows\system32\config\systemprofile\AppData\Roaming\MiKTeX\2.9\tex\latex\
l3packages\xfrac\xfrac.sty ("C:\Program Files\MiKTeX 2.9\tex\latex\base\textcom
p.sty"
Package: textcomp 2005/09/27 v1.99g Standard LaTeX package
Package textcomp Info: Sub-encoding information:
(textcomp)               5 = only ISO-Adobe without \textcurrency
(textcomp)               4 = 5 + \texteuro
(textcomp)               3 = 4 + \textohm
(textcomp)               2 = 3 + \textestimated + \textcurrency
(textcomp)               1 = TS1 - \textcircled - \t
(textcomp)               0 = TS1 (full)
(textcomp)             Font families with sub-encoding setting implement
(textcomp)             only a restricted character set as indicated.
(textcomp)             Family '?' is the default used for unknown fonts.
(textcomp)             See the documentation for details.
Package textcomp Info: Setting ? sub-encoding to TS1/1 on input line 79.
("C:\Program Files\MiKTeX 2.9\tex\latex\base\ts1enc.def"
File: ts1enc.def 2001/06/05 v3.0e (jk/car/fm) Standard LaTeX file
)
LaTeX Info: Redefining \oldstylenums on input line 334.
Package textcomp Info: Setting cmr sub-encoding to TS1/0 on input line 349.
Package textcomp Info: Setting cmss sub-encoding to TS1/0 on input line 350.
Package textcomp Info: Setting cmtt sub-encoding to TS1/0 on input line 351.
Package textcomp Info: Setting cmvtt sub-encoding to TS1/0 on input line 352.
Package textcomp Info: Setting cmbr sub-encoding to TS1/0 on input line 353.
Package textcomp Info: Setting cmtl sub-encoding to TS1/0 on input line 354.
Package textcomp Info: Setting ccr sub-encoding to TS1/0 on input line 355.
Package textcomp Info: Setting ptm sub-encoding to TS1/4 on input line 356.
Package textcomp Info: Setting pcr sub-encoding to TS1/4 on input line 357.
Package textcomp Info: Setting phv sub-encoding to TS1/4 on input line 358.
Package textcomp Info: Setting ppl sub-encoding to TS1/3 on input line 359.
Package textcomp Info: Setting pag sub-encoding to TS1/4 on input line 360.
Package textcomp Info: Setting pbk sub-encoding to TS1/4 on input line 361.
Package textcomp Info: Setting pnc sub-encoding to TS1/4 on input line 362.
Package textcomp Info: Setting pzc sub-encoding to TS1/4 on input line 363.
Package textcomp Info: Setting bch sub-encoding to TS1/4 on input line 364.
Package textcomp Info: Setting put sub-encoding to TS1/5 on input line 365.
Package textcomp Info: Setting uag sub-encoding to TS1/5 on input line 366.
Package textcomp Info: Setting ugq sub-encoding to TS1/5 on input line 367.
Package textcomp Info: Setting ul8 sub-encoding to TS1/4 on input line 368.
Package textcomp Info: Setting ul9 sub-encoding to TS1/4 on input line 369.
Package textcomp Info: Setting augie sub-encoding to TS1/5 on input line 370.
Package textcomp Info: Setting dayrom sub-encoding to TS1/3 on input line 371.
Package textcomp Info: Setting dayroms sub-encoding to TS1/3 on input line 372.

Package textcomp Info: Setting pxr sub-encoding to TS1/0 on input line 373.
Package textcomp Info: Setting pxss sub-encoding to TS1/0 on input line 374.
Package textcomp Info: Setting pxtt sub-encoding to TS1/0 on input line 375.
Package textcomp Info: Setting txr sub-encoding to TS1/0 on input line 376.
Package textcomp Info: Setting txss sub-encoding to TS1/0 on input line 377.
Package textcomp Info: Setting txtt sub-encoding to TS1/0 on input line 378.
Package textcomp Info: Setting lmr sub-encoding to TS1/0 on input line 379.
Package textcomp Info: Setting lmdh sub-encoding to TS1/0 on input line 380.
Package textcomp Info: Setting lmss sub-encoding to TS1/0 on input line 381.
Package textcomp Info: Setting lmssq sub-encoding to TS1/0 on input line 382.
Package textcomp Info: Setting lmvtt sub-encoding to TS1/0 on input line 383.
Package textcomp Info: Setting lmtt sub-encoding to TS1/0 on input line 384.
Package textcomp Info: Setting qhv sub-encoding to TS1/0 on input line 385.
Package textcomp Info: Setting qag sub-encoding to TS1/0 on input line 386.
Package textcomp Info: Setting qbk sub-encoding to TS1/0 on input line 387.
Package textcomp Info: Setting qcr sub-encoding to TS1/0 on input line 388.
Package textcomp Info: Setting qcs sub-encoding to TS1/0 on input line 389.
Package textcomp Info: Setting qpl sub-encoding to TS1/0 on input line 390.
Package textcomp Info: Setting qtm sub-encoding to TS1/0 on input line 391.
Package textcomp Info: Setting qzc sub-encoding to TS1/0 on input line 392.
Package textcomp Info: Setting qhvc sub-encoding to TS1/0 on input line 393.
Package textcomp Info: Setting futs sub-encoding to TS1/4 on input line 394.
Package textcomp Info: Setting futx sub-encoding to TS1/4 on input line 395.
Package textcomp Info: Setting futj sub-encoding to TS1/4 on input line 396.
Package textcomp Info: Setting hlh sub-encoding to TS1/3 on input line 397.
Package textcomp Info: Setting hls sub-encoding to TS1/3 on input line 398.
Package textcomp Info: Setting hlst sub-encoding to TS1/3 on input line 399.
Package textcomp Info: Setting hlct sub-encoding to TS1/5 on input line 400.
Package textcomp Info: Setting hlx sub-encoding to TS1/5 on input line 401.
Package textcomp Info: Setting hlce sub-encoding to TS1/5 on input line 402.
Package textcomp Info: Setting hlcn sub-encoding to TS1/5 on input line 403.
Package textcomp Info: Setting hlcw sub-encoding to TS1/5 on input line 404.
Package textcomp Info: Setting hlcf sub-encoding to TS1/5 on input line 405.
Package textcomp Info: Setting pplx sub-encoding to TS1/3 on input line 406.
Package textcomp Info: Setting pplj sub-encoding to TS1/3 on input line 407.
Package textcomp Info: Setting ptmx sub-encoding to TS1/4 on input line 408.
Package textcomp Info: Setting ptmj sub-encoding to TS1/4 on input line 409.
)
(C:\Windows\system32\config\systemprofile\AppData\Roaming\MiKTeX\2.9\tex\latex\
l3packages\xtemplate\xtemplate.sty
Package: xtemplate 2016/05/18 v6512 L3 Experimental prototype document function
s
\l__xtemplate_tmp_dim=\dimen208
\l__xtemplate_tmp_int=\count183
\l__xtemplate_tmp_muskip=\muskip17
\l__xtemplate_tmp_skip=\skip70
)
Package: xfrac 2016/05/18 v6512 L3 Experimental split-level fractions
\l__xfrac_slash_box=\box85
\l__xfrac_tmp_box=\box86
\l__xfrac_denominator_bot_sep_dim=\dimen209
\l__xfrac_numerator_bot_sep_dim=\dimen210
\l__xfrac_numerator_top_sep_dim=\dimen211
\l__xfrac_slash_left_sep_dim=\dimen212
\l__xfrac_slash_right_sep_dim=\dimen213
\l__xfrac_slash_left_muskip=\muskip18
\l__xfrac_slash_right_muskip=\muskip19
.................................................
. xtemplate info: "declare-object-type"
. 
. Declaring object type 'xfrac' taking 3 argument(s) on line 111.
.................................................
.................................................
. LaTeX info: "xparse/define-command"
. 
. Defining command \sfrac with sig. 'omom' on line 451.
.................................................
)
(C:\Windows\system32\config\systemprofile\AppData\Roaming\MiKTeX\2.9\tex\latex\
units\nicefrac.sty
Package: nicefrac 1998/08/04 v0.9b Nice fractions
\L@UnitsRaiseDisplaystyle=\skip71
\L@UnitsRaiseTextstyle=\skip72
\L@UnitsRaiseScriptstyle=\skip73
("C:\Program Files\MiKTeX 2.9\tex\latex\base\ifthen.sty"
Package: ifthen 2014/09/29 v1.1c Standard LaTeX ifthen package (DPC)
))
(C:\Windows\system32\config\systemprofile\AppData\Roaming\MiKTeX\2.9\tex\latex\
koma-script\scrlfile.sty
Package: scrlfile 2016/05/10 v3.20 KOMA-Script package (loading files)
Package scrlfile, 2016/05/10 v3.20 KOMA-Script package (loading files)
                  Copyright (C) Markus Kohm

)
(C:\Windows\system32\config\systemprofile\AppData\Roaming\MiKTeX\2.9\tex\generi
c\pgf\libraries\pgflibraryarrows.meta.code.tex
File: pgflibraryarrows.meta.code.tex 2015/05/13 v3.0.1a (rcs-revision 1.13)
\pgfarrowinset=\dimen214
\pgfarrowlength=\dimen215
\pgfarrowwidth=\dimen216
\pgfarrowlinewidth=\dimen217
)
Package: chemformula 2016/05/11 v4.15 typeset chemical compounds and reactions 
(CN)
\l__chemformula_tmpa_dim=\dimen218
\l__chemformula_tmpb_dim=\dimen219
\l__chemformula_tmpc_dim=\dimen220
\l__chemformula_tmpa_int=\count184
\l__chemformula_tmpb_int=\count185
\l__chemformula_tmpc_int=\count186
\l__chemformula_tmpa_box=\box87
\l__chemformula_tmpb_box=\box88
\l__chemformula_arrow_length_dim=\dimen221
\l__chemformula_arrow_label_height_dim=\dimen222
\l__chemformula_arrow_label_offset_dim=\dimen223
\l__chemformula_arrow_minimum_length_dim=\dimen224
\l__chemformula_arrow_shortage_dim=\dimen225
\l__chemformula_arrow_offset_dim=\dimen226
\l__chemformula_arrow_yshift_dim=\dimen227
\l__chemformula_radical_radius_dim=\dimen228
\l__chemformula_radical_hshift_dim=\dimen229
\l__chemformula_radical_vshift_dim=\dimen230
\l__chemformula_radical_space_dim=\dimen231
\l__chemformula_arrow_head_dim=\dimen232
\l__chemformula_name_dim=\dimen233
\l__chemformula_adduct_space_dim=\dimen256
\l__chemformula_charge_shift_dim=\dimen257
\l__chemformula_subscript_shift_dim=\dimen258
\l__chemformula_superscript_shift_dim=\dimen259
\l__chemformula_subscript_dim=\dimen260
\l__chemformula_superscript_dim=\dimen261
\l__chemformula_bond_dim=\dimen262
\l__chemformula_bond_space_dim=\dimen263
\l__chemformula_elspec_pair_distance_dim=\dimen264
\l__chemformula_elspec_pair_line_length_dim=\dimen265
\l__chemformula_elspec_pair_width_dim=\dimen266
\l__chemformula_kroegervink_positive_radius_dim=\dimen267
\l__chemformula_kroegervink_positive_hshift_dim=\dimen268
\l__chemformula_kroegervink_positive_vshift_dim=\dimen269
\l__chemformula_kroegervink_positive_space_dim=\dimen270
\l__chemformula_stoich_space_skip=\skip74
\l__chemformula_math_space_skip=\skip75
\l__chemformula_count_tokens_int=\count187
\g__chemformula_lewis_int=\count188
\l__chemformula_arrow_arg_i_box=\box89
\l__chemformula_arrow_arg_ii_box=\box90
\l__chemformula_superscript_box=\box91
\l__chemformula_subscript_box=\box92
.................................................
. LaTeX info: "xparse/define-command"
. 
. Defining command \charrow with sig. 'mO{}O{}' on line 816.
.................................................
.................................................
. LaTeX info: "xparse/define-command"
. 
. Defining command \NewChemArrow with sig. 'mm' on line 889.
.................................................
.................................................
. LaTeX info: "xparse/define-command"
. 
. Defining command \DeclareChemArrow with sig. 'mm' on line 897.
.................................................
.................................................
. LaTeX info: "xparse/define-command"
. 
. Defining command \RenewChemArrow with sig. 'mm' on line 904.
.................................................
.................................................
. LaTeX info: "xparse/define-command"
. 
. Defining command \ProvideChemArrow with sig. 'mm' on line 914.
.................................................
.................................................
. LaTeX info: "xparse/define-command"
. 
. Defining command \ShowChemArrow with sig. 'm' on line 924.
.................................................
.................................................
. LaTeX info: "xparse/define-command"
. 
. Defining command \ch with sig. 'O{}m' on line 1203.
.................................................
.................................................
. LaTeX info: "xparse/define-command"
. 
. Defining command \chcpd with sig. 'O{}m' on line 1225.
.................................................
.................................................
. LaTeX info: "xparse/define-command"
. 
. Defining command \chname with sig. 'R(){}R(){}' on line 1302.
.................................................
.................................................
. LaTeX info: "xparse/define-command"
. 
. Defining command \NewChemCompoundProperty with sig. 'mm' on line 1387.
.................................................
.................................................
. LaTeX info: "xparse/define-command"
. 
. Defining command \RenewChemCompoundProperty with sig. 'mm' on line 1390.
.................................................
.................................................
. LaTeX info: "xparse/define-command"
. 
. Defining command \ProvideChemCompoundProperty with sig. 'mm' on line 1393.
.................................................
.................................................
. LaTeX info: "xparse/define-command"
. 
. Defining command \DeclareChemCompoundProperty with sig. 'mm' on line 1396.
.................................................
.................................................
. LaTeX info: "xparse/define-command"
. 
. Defining command \RemoveChemCompoundProperty with sig. 'm' on line 1399.
.................................................
.................................................
. LaTeX info: "xparse/define-command"
. 
. Defining command \NewChemBond with sig. 'mm' on line 1604.
.................................................
.................................................
. LaTeX info: "xparse/define-command"
. 
. Defining command \ProvideChemBond with sig. 'mm' on line 1607.
.................................................
.................................................
. LaTeX info: "xparse/define-command"
. 
. Defining command \DeclareChemBond with sig. 'mm' on line 1610.
.................................................
.................................................
. LaTeX info: "xparse/define-command"
. 
. Defining command \RenewChemBond with sig. 'mm' on line 1613.
.................................................
.................................................
. LaTeX info: "xparse/define-command"
. 
. Defining command \NewChemBondAlias with sig. 'mm' on line 1616.
.................................................
.................................................
. LaTeX info: "xparse/define-command"
. 
. Defining command \DeclareChemBondAlias with sig. 'mm' on line 1619.
.................................................
.................................................
. LaTeX info: "xparse/define-command"
. 
. Defining command \ShowChemBond with sig. 'm' on line 1622.
.................................................
.................................................
. LaTeX info: "xparse/define-command"
. 
. Defining command \bond with sig. 'm' on line 1625.
.................................................
.................................................
. LaTeX info: "xparse/define-command"
. 
. Defining command \chstoich with sig. 'm' on line 2119.
.................................................
\l__chemformula_additions_symbol_space_skip=\skip76
.................................................
. LaTeX info: "xparse/define-command"
. 
. Defining command \NewChemAdditionSymbol with sig. 'mmm' on line 2603.
.................................................
.................................................
. LaTeX info: "xparse/define-command"
. 
. Defining command \ProvideChemAdditionSymbol with sig. 'mmm' on line 2612.
.................................................
.................................................
. LaTeX info: "xparse/define-command"
. 
. Defining command \RenewChemAdditionSymbol with sig. 'mmm' on line 2621.
.................................................
.................................................
. LaTeX info: "xparse/define-command"
. 
. Defining command \DeclareChemAdditionSymbol with sig. 'mmm' on line 2624.
.................................................
\l__chemformula_plus_space_skip=\skip77
\l__chemformula_minus_space_skip=\skip78
.................................................
. LaTeX info: "xparse/define-command"
. 
. Defining command \NewChemSymbol with sig. 'mm' on line 2669.
.................................................
.................................................
. LaTeX info: "xparse/define-command"
. 
. Defining command \ProvideChemSymbol with sig. 'mm' on line 2675.
.................................................
.................................................
. LaTeX info: "xparse/define-command"
. 
. Defining command \RenewChemSymbol with sig. 'mm' on line 2682.
.................................................
.................................................
. LaTeX info: "xparse/define-command"
. 
. Defining command \DeclareChemSymbol with sig. 'mm' on line 2685.
.................................................
.................................................
. LaTeX info: "xparse/define-command"
. 
. Defining command \chlewis with sig. 'O{}mm' on line 3240.
.................................................
.................................................
. LaTeX info: "xparse/define-command"
. 
. Defining command \setchemformula with sig. 'm' on line 3245.
.................................................
)
(C:\Windows\system32\config\systemprofile\AppData\Roaming\MiKTeX\2.9\tex\latex\
mhchem\mhchem.sty
Package: mhchem 2016/02/07 v4.04 for typesetting chemical formulae

(C:\Windows\system32\config\systemprofile\AppData\Roaming\MiKTeX\2.9\tex\latex\
l3experimental\l3str\l3regex.sty
Package: l3regex 2016/05/14 v6492 L3 Experimental regular expressions

(C:\Windows\system32\config\systemprofile\AppData\Roaming\MiKTeX\2.9\tex\latex\
l3experimental\l3str\l3tl-build.sty
Package: l3tl-build 2016/05/14 v6492 L3 Experimental token list construction
\l__tl_build_start_index_int=\count189
\l__tl_build_index_int=\count190
)
(C:\Windows\system32\config\systemprofile\AppData\Roaming\MiKTeX\2.9\tex\latex\
l3experimental\l3str\l3tl-analysis.sty
Package: l3tl-analysis 2016/03/24 v6443 L3 Experimental token lists analysis
\l__tl_analysis_normal_int=\count191
\l__tl_analysis_index_int=\count192
\l__tl_analysis_nesting_int=\count193
\l__tl_analysis_type_int=\count194
)
(C:\Windows\system32\config\systemprofile\AppData\Roaming\MiKTeX\2.9\tex\latex\
l3experimental\l3str\l3flag.sty
Package: l3flag 2016/05/14 v6492 L3 Experimental flags
)
(C:\Windows\system32\config\systemprofile\AppData\Roaming\MiKTeX\2.9\tex\latex\
l3experimental\l3str\l3str-convert.sty
Package: l3str-convert 2016/03/24 v6443 L3 Experimental string encoding convers
ions
\l__str_internal_int=\count195
\c__str_replacement_char_int=\count196
)
\l__regex_internal_a_int=\count197
\l__regex_internal_b_int=\count198
\l__regex_internal_c_int=\count199
\l__regex_balance_int=\count200
\l__regex_group_level_int=\count201
\l__regex_mode_int=\count202
\l__regex_catcodes_int=\count203
\l__regex_default_catcodes_int=\count204
\c__regex_catcode_D_int=\count205
\c__regex_catcode_S_int=\count206
\c__regex_catcode_L_int=\count207
\c__regex_catcode_O_int=\count208
\c__regex_catcode_A_int=\count209
\c__regex_all_catcodes_int=\count210
\l__regex_show_lines_int=\count211
\l__regex_min_state_int=\count212
\l__regex_max_state_int=\count213
\l__regex_left_state_int=\count214
\l__regex_right_state_int=\count215
\l__regex_capturing_group_int=\count216
\l__regex_min_pos_int=\count217
\l__regex_max_pos_int=\count218
\l__regex_current_pos_int=\count219
\l__regex_start_pos_int=\count220
\l__regex_success_pos_int=\count221
\l__regex_current_char_int=\count222
\l__regex_current_catcode_int=\count223
\l__regex_last_char_int=\count224
\l__regex_case_changed_char_int=\count225
\l__regex_current_state_int=\count226
\l__regex_step_int=\count227
\l__regex_min_active_int=\count228
\l__regex_max_active_int=\count229
\l__regex_replacement_csnames_int=\count230
\l__regex_match_count_int=\count231
\l__regex_submatch_int=\count232
\l__regex_zeroth_submatch_int=\count233
)
(C:\Windows\system32\config\systemprofile\AppData\Roaming\MiKTeX\2.9\tex\latex\
chemgreek\chemgreek.sty
Package: chemgreek 2016/01/07 v1.0d interfaceforuprightgreeklettersforuseinchem
istry (CN)
\l__chemgreek_tmpa_int=\count266
\g__chemgreek_tmpa_int=\count267
.................................................
. LaTeX info: "xparse/define-command"
. 
. Defining command \newchemgreekmapping with sig. 'O{}mm' on line 336.
.................................................
.................................................
. LaTeX info: "xparse/define-command"
. 
. Defining command \renewchemgreekmapping with sig. 'O{}mm' on line 339.
.................................................
.................................................
. LaTeX info: "xparse/define-command"
. 
. Defining command \declarechemgreekmapping with sig. 'O{}mm' on line 342.
.................................................
.................................................
. LaTeX info: "xparse/define-command"
. 
. Defining command \newchemgreekmappingalias with sig. 'mm' on line 347.
.................................................
.................................................
. LaTeX info: "xparse/define-command"
. 
. Defining command \renewchemgreekmappingalias with sig. 'mm' on line 350.
.................................................
.................................................
. LaTeX info: "xparse/define-command"
. 
. Defining command \declarechemgreekmappingalias with sig. 'mm' on line 353.
.................................................
.................................................
. LaTeX info: "xparse/define-command"
. 
. Defining command \changechemgreeksymbol with sig. 'mmmm' on line 383.
.................................................
.................................................
. LaTeX info: "xparse/define-command"
. 
. Defining command \chemgreekmappingsymbol with sig. 'mm' on line 477.
.................................................
.................................................
. LaTeX info: "xparse/define-command"
. 
. Defining command \activatechemgreekmapping with sig. 'sm' on line 486.
.................................................
.................................................
. LaTeX info: "xparse/define-command"
. 
. Defining command \selectchemgreekmapping with sig. 'm' on line 491.
.................................................
)
\l__mhchem_ce_distanceFromLastComma_int=\count268
\__mhchem_arrow_extPgfLength_skip=\skip79
\mhchem@minispace@tmp=\skip80
\mhchem@minibackspace@tmp=\skip81
\mhchem@bondwidth=\skip82
\mhchem@bondheight=\skip83
\mhchem@smallbondwidth@tmpA=\skip84
\mhchem@smallbondwidth@tmpB=\skip85
\mhchem@smallbondwidth=\skip86
\mhchem@bondtmp@minussidebearingleft=\skip87
\mhchem@bondtmp@minussidebearingright=\skip88
\l__mhchem_option_version_int=\count269
\mhchem@option@minusmathsidebearingleft=\dimen271
\mhchem@option@minusmathsidebearingright=\dimen272
\mhchem@option@minustextsidebearingleft=\dimen273
\mhchem@option@minustextsidebearingright=\dimen274
) ("C:\Program Files\MiKTeX 2.9\tex\latex\ltxmisc\varwidth.sty"
Package: varwidth 2009/03/30 ver 0.92;  Variable-width minipages
\@vwid@box=\box93
\sift@deathcycles=\count270
\@vwid@loff=\dimen275
\@vwid@roff=\dimen276
) ("C:\Program Files\MiKTeX 2.9\tex\latex\base\inputenc.sty"
Package: inputenc 2015/03/17 v1.2c Input encoding file
\inpenc@prehook=\toks41
\inpenc@posthook=\toks42
("C:\Program Files\MiKTeX 2.9\tex\latex\base\utf8.def"
File: utf8.def 2014/09/29 v1.1m UTF-8 support for inputenc
Now handling font encoding OML ...
... no UTF-8 mapping file for font encoding OML
Now handling font encoding T1 ...
... processing UTF-8 mapping file for font encoding T1
("C:\Program Files\MiKTeX 2.9\tex\latex\base\t1enc.dfu"
File: t1enc.dfu 2014/09/29 v1.1m UTF-8 support for inputenc
   defining Unicode char U+00A1 (decimal 161)
   defining Unicode char U+00A3 (decimal 163)
   defining Unicode char U+00AB (decimal 171)
   defining Unicode char U+00BB (decimal 187)
   defining Unicode char U+00BF (decimal 191)
   defining Unicode char U+00C0 (decimal 192)
   defining Unicode char U+00C1 (decimal 193)
   defining Unicode char U+00C2 (decimal 194)
   defining Unicode char U+00C3 (decimal 195)
   defining Unicode char U+00C4 (decimal 196)
   defining Unicode char U+00C5 (decimal 197)
   defining Unicode char U+00C6 (decimal 198)
   defining Unicode char U+00C7 (decimal 199)
   defining Unicode char U+00C8 (decimal 200)
   defining Unicode char U+00C9 (decimal 201)
   defining Unicode char U+00CA (decimal 202)
   defining Unicode char U+00CB (decimal 203)
   defining Unicode char U+00CC (decimal 204)
   defining Unicode char U+00CD (decimal 205)
   defining Unicode char U+00CE (decimal 206)
   defining Unicode char U+00CF (decimal 207)
   defining Unicode char U+00D0 (decimal 208)
   defining Unicode char U+00D1 (decimal 209)
   defining Unicode char U+00D2 (decimal 210)
   defining Unicode char U+00D3 (decimal 211)
   defining Unicode char U+00D4 (decimal 212)
   defining Unicode char U+00D5 (decimal 213)
   defining Unicode char U+00D6 (decimal 214)
   defining Unicode char U+00D8 (decimal 216)
   defining Unicode char U+00D9 (decimal 217)
   defining Unicode char U+00DA (decimal 218)
   defining Unicode char U+00DB (decimal 219)
   defining Unicode char U+00DC (decimal 220)
   defining Unicode char U+00DD (decimal 221)
   defining Unicode char U+00DE (decimal 222)
   defining Unicode char U+00DF (decimal 223)
   defining Unicode char U+00E0 (decimal 224)
   defining Unicode char U+00E1 (decimal 225)
   defining Unicode char U+00E2 (decimal 226)
   defining Unicode char U+00E3 (decimal 227)
   defining Unicode char U+00E4 (decimal 228)
   defining Unicode char U+00E5 (decimal 229)
   defining Unicode char U+00E6 (decimal 230)
   defining Unicode char U+00E7 (decimal 231)
   defining Unicode char U+00E8 (decimal 232)
   defining Unicode char U+00E9 (decimal 233)
   defining Unicode char U+00EA (decimal 234)
   defining Unicode char U+00EB (decimal 235)
   defining Unicode char U+00EC (decimal 236)
   defining Unicode char U+00ED (decimal 237)
   defining Unicode char U+00EE (decimal 238)
   defining Unicode char U+00EF (decimal 239)
   defining Unicode char U+00F0 (decimal 240)
   defining Unicode char U+00F1 (decimal 241)
   defining Unicode char U+00F2 (decimal 242)
   defining Unicode char U+00F3 (decimal 243)
   defining Unicode char U+00F4 (decimal 244)
   defining Unicode char U+00F5 (decimal 245)
   defining Unicode char U+00F6 (decimal 246)
   defining Unicode char U+00F8 (decimal 248)
   defining Unicode char U+00F9 (decimal 249)
   defining Unicode char U+00FA (decimal 250)
   defining Unicode char U+00FB (decimal 251)
   defining Unicode char U+00FC (decimal 252)
   defining Unicode char U+00FD (decimal 253)
   defining Unicode char U+00FE (decimal 254)
   defining Unicode char U+00FF (decimal 255)
   defining Unicode char U+0102 (decimal 258)
   defining Unicode char U+0103 (decimal 259)
   defining Unicode char U+0104 (decimal 260)
   defining Unicode char U+0105 (decimal 261)
   defining Unicode char U+0106 (decimal 262)
   defining Unicode char U+0107 (decimal 263)
   defining Unicode char U+010C (decimal 268)
   defining Unicode char U+010D (decimal 269)
   defining Unicode char U+010E (decimal 270)
   defining Unicode char U+010F (decimal 271)
   defining Unicode char U+0110 (decimal 272)
   defining Unicode char U+0111 (decimal 273)
   defining Unicode char U+0118 (decimal 280)
   defining Unicode char U+0119 (decimal 281)
   defining Unicode char U+011A (decimal 282)
   defining Unicode char U+011B (decimal 283)
   defining Unicode char U+011E (decimal 286)
   defining Unicode char U+011F (decimal 287)
   defining Unicode char U+0130 (decimal 304)
   defining Unicode char U+0131 (decimal 305)
   defining Unicode char U+0132 (decimal 306)
   defining Unicode char U+0133 (decimal 307)
   defining Unicode char U+0139 (decimal 313)
   defining Unicode char U+013A (decimal 314)
   defining Unicode char U+013D (decimal 317)
   defining Unicode char U+013E (decimal 318)
   defining Unicode char U+0141 (decimal 321)
   defining Unicode char U+0142 (decimal 322)
   defining Unicode char U+0143 (decimal 323)
   defining Unicode char U+0144 (decimal 324)
   defining Unicode char U+0147 (decimal 327)
   defining Unicode char U+0148 (decimal 328)
   defining Unicode char U+014A (decimal 330)
   defining Unicode char U+014B (decimal 331)
   defining Unicode char U+0150 (decimal 336)
   defining Unicode char U+0151 (decimal 337)
   defining Unicode char U+0152 (decimal 338)
   defining Unicode char U+0153 (decimal 339)
   defining Unicode char U+0154 (decimal 340)
   defining Unicode char U+0155 (decimal 341)
   defining Unicode char U+0158 (decimal 344)
   defining Unicode char U+0159 (decimal 345)
   defining Unicode char U+015A (decimal 346)
   defining Unicode char U+015B (decimal 347)
   defining Unicode char U+015E (decimal 350)
   defining Unicode char U+015F (decimal 351)
   defining Unicode char U+0160 (decimal 352)
   defining Unicode char U+0161 (decimal 353)
   defining Unicode char U+0162 (decimal 354)
   defining Unicode char U+0163 (decimal 355)
   defining Unicode char U+0164 (decimal 356)
   defining Unicode char U+0165 (decimal 357)
   defining Unicode char U+016E (decimal 366)
   defining Unicode char U+016F (decimal 367)
   defining Unicode char U+0170 (decimal 368)
   defining Unicode char U+0171 (decimal 369)
   defining Unicode char U+0178 (decimal 376)
   defining Unicode char U+0179 (decimal 377)
   defining Unicode char U+017A (decimal 378)
   defining Unicode char U+017B (decimal 379)
   defining Unicode char U+017C (decimal 380)
   defining Unicode char U+017D (decimal 381)
   defining Unicode char U+017E (decimal 382)
   defining Unicode char U+200C (decimal 8204)
   defining Unicode char U+2013 (decimal 8211)
   defining Unicode char U+2014 (decimal 8212)
   defining Unicode char U+2018 (decimal 8216)
   defining Unicode char U+2019 (decimal 8217)
   defining Unicode char U+201A (decimal 8218)
   defining Unicode char U+201C (decimal 8220)
   defining Unicode char U+201D (decimal 8221)
   defining Unicode char U+201E (decimal 8222)
   defining Unicode char U+2030 (decimal 8240)
   defining Unicode char U+2031 (decimal 8241)
   defining Unicode char U+2039 (decimal 8249)
   defining Unicode char U+203A (decimal 8250)
   defining Unicode char U+2423 (decimal 9251)
)
Now handling font encoding OT1 ...
... processing UTF-8 mapping file for font encoding OT1
("C:\Program Files\MiKTeX 2.9\tex\latex\base\ot1enc.dfu"
File: ot1enc.dfu 2014/09/29 v1.1m UTF-8 support for inputenc
   defining Unicode char U+00A1 (decimal 161)
   defining Unicode char U+00A3 (decimal 163)
   defining Unicode char U+00B8 (decimal 184)
   defining Unicode char U+00BF (decimal 191)
   defining Unicode char U+00C5 (decimal 197)
   defining Unicode char U+00C6 (decimal 198)
   defining Unicode char U+00D8 (decimal 216)
   defining Unicode char U+00DF (decimal 223)
   defining Unicode char U+00E6 (decimal 230)
   defining Unicode char U+00EC (decimal 236)
   defining Unicode char U+00ED (decimal 237)
   defining Unicode char U+00EE (decimal 238)
   defining Unicode char U+00EF (decimal 239)
   defining Unicode char U+00F8 (decimal 248)
   defining Unicode char U+0131 (decimal 305)
   defining Unicode char U+0141 (decimal 321)
   defining Unicode char U+0142 (decimal 322)
   defining Unicode char U+0152 (decimal 338)
   defining Unicode char U+0153 (decimal 339)
   defining Unicode char U+2013 (decimal 8211)
   defining Unicode char U+2014 (decimal 8212)
   defining Unicode char U+2018 (decimal 8216)
   defining Unicode char U+2019 (decimal 8217)
   defining Unicode char U+201C (decimal 8220)
   defining Unicode char U+201D (decimal 8221)
)
Now handling font encoding OMS ...
... processing UTF-8 mapping file for font encoding OMS
("C:\Program Files\MiKTeX 2.9\tex\latex\base\omsenc.dfu"
File: omsenc.dfu 2014/09/29 v1.1m UTF-8 support for inputenc
   defining Unicode char U+00A7 (decimal 167)
   defining Unicode char U+00B6 (decimal 182)
   defining Unicode char U+00B7 (decimal 183)
   defining Unicode char U+2020 (decimal 8224)
   defining Unicode char U+2021 (decimal 8225)
   defining Unicode char U+2022 (decimal 8226)
)
Now handling font encoding OMX ...
... no UTF-8 mapping file for font encoding OMX
Now handling font encoding U ...
... no UTF-8 mapping file for font encoding U
Now handling font encoding TS1 ...
... processing UTF-8 mapping file for font encoding TS1
("C:\Program Files\MiKTeX 2.9\tex\latex\base\ts1enc.dfu"
File: ts1enc.dfu 2014/09/29 v1.1m UTF-8 support for inputenc
   defining Unicode char U+00A2 (decimal 162)
   defining Unicode char U+00A3 (decimal 163)
   defining Unicode char U+00A4 (decimal 164)
   defining Unicode char U+00A5 (decimal 165)
   defining Unicode char U+00A6 (decimal 166)
   defining Unicode char U+00A7 (decimal 167)
   defining Unicode char U+00A8 (decimal 168)
   defining Unicode char U+00A9 (decimal 169)
   defining Unicode char U+00AA (decimal 170)
   defining Unicode char U+00AC (decimal 172)
   defining Unicode char U+00AE (decimal 174)
   defining Unicode char U+00AF (decimal 175)
   defining Unicode char U+00B0 (decimal 176)
   defining Unicode char U+00B1 (decimal 177)
   defining Unicode char U+00B2 (decimal 178)
   defining Unicode char U+00B3 (decimal 179)
   defining Unicode char U+00B4 (decimal 180)
   defining Unicode char U+00B5 (decimal 181)
   defining Unicode char U+00B6 (decimal 182)
   defining Unicode char U+00B7 (decimal 183)
   defining Unicode char U+00B9 (decimal 185)
   defining Unicode char U+00BA (decimal 186)
   defining Unicode char U+00BC (decimal 188)
   defining Unicode char U+00BD (decimal 189)
   defining Unicode char U+00BE (decimal 190)
   defining Unicode char U+00D7 (decimal 215)
   defining Unicode char U+00F7 (decimal 247)
   defining Unicode char U+0192 (decimal 402)
   defining Unicode char U+02C7 (decimal 711)
   defining Unicode char U+02D8 (decimal 728)
   defining Unicode char U+02DD (decimal 733)
   defining Unicode char U+0E3F (decimal 3647)
   defining Unicode char U+2016 (decimal 8214)
   defining Unicode char U+2020 (decimal 8224)
   defining Unicode char U+2021 (decimal 8225)
   defining Unicode char U+2022 (decimal 8226)
   defining Unicode char U+2030 (decimal 8240)
   defining Unicode char U+2031 (decimal 8241)
   defining Unicode char U+203B (decimal 8251)
   defining Unicode char U+203D (decimal 8253)
   defining Unicode char U+2044 (decimal 8260)
   defining Unicode char U+204E (decimal 8270)
   defining Unicode char U+2052 (decimal 8274)
   defining Unicode char U+20A1 (decimal 8353)
   defining Unicode char U+20A4 (decimal 8356)
   defining Unicode char U+20A6 (decimal 8358)
   defining Unicode char U+20A9 (decimal 8361)
   defining Unicode char U+20AB (decimal 8363)
   defining Unicode char U+20AC (decimal 8364)
   defining Unicode char U+20B1 (decimal 8369)
   defining Unicode char U+2103 (decimal 8451)
   defining Unicode char U+2116 (decimal 8470)
   defining Unicode char U+2117 (decimal 8471)
   defining Unicode char U+211E (decimal 8478)
   defining Unicode char U+2120 (decimal 8480)
   defining Unicode char U+2122 (decimal 8482)
   defining Unicode char U+2126 (decimal 8486)
   defining Unicode char U+2127 (decimal 8487)
   defining Unicode char U+212E (decimal 8494)
   defining Unicode char U+2190 (decimal 8592)
   defining Unicode char U+2191 (decimal 8593)
   defining Unicode char U+2192 (decimal 8594)
   defining Unicode char U+2193 (decimal 8595)
   defining Unicode char U+2329 (decimal 9001)
   defining Unicode char U+232A (decimal 9002)
   defining Unicode char U+2422 (decimal 9250)
   defining Unicode char U+25E6 (decimal 9702)
   defining Unicode char U+25EF (decimal 9711)
   defining Unicode char U+266A (decimal 9834)
)
   defining Unicode char U+00A9 (decimal 169)
   defining Unicode char U+00AA (decimal 170)
   defining Unicode char U+00AE (decimal 174)
   defining Unicode char U+00BA (decimal 186)
   defining Unicode char U+02C6 (decimal 710)
   defining Unicode char U+02DC (decimal 732)
   defining Unicode char U+200C (decimal 8204)
   defining Unicode char U+2026 (decimal 8230)
   defining Unicode char U+2122 (decimal 8482)
   defining Unicode char U+2423 (decimal 9251)
)) ("C:\Program Files\MiKTeX 2.9\tex\latex\base\fontenc.sty"
Package: fontenc 2005/09/27 v1.99g Standard LaTeX package
("C:\Program Files\MiKTeX 2.9\tex\latex\base\t1enc.def"
File: t1enc.def 2005/09/27 v1.99g Standard LaTeX file
LaTeX Font Info:    Redeclaring font encoding T1 on input line 48.
))
(C:\Windows\system32\config\systemprofile\AppData\Roaming\MiKTeX\2.9\tex\latex\
booktabs\booktabs.sty
Package: booktabs 2005/04/14 v1.61803 publication quality tables
\heavyrulewidth=\dimen277
\lightrulewidth=\dimen278
\cmidrulewidth=\dimen279
\belowrulesep=\dimen280
\belowbottomsep=\dimen281
\aboverulesep=\dimen282
\abovetopsep=\dimen283
\cmidrulesep=\dimen284
\cmidrulekern=\dimen285
\defaultaddspace=\dimen286
\@cmidla=\count271
\@cmidlb=\count272
\@aboverulesep=\dimen287
\@belowrulesep=\dimen288
\@thisruleclass=\count273
\@lastruleclass=\count274
\@thisrulewidth=\dimen289
)
(C:\Windows\system32\config\systemprofile\AppData\Roaming\MiKTeX\2.9\tex\latex\
paralist\paralist.sty
Package: paralist 2015/12/30 v2.5 Extended list environments
\pltopsep=\skip89
\plpartopsep=\skip90
\plitemsep=\skip91
\plparsep=\skip92
\pl@lab=\toks43
)
(C:\Windows\system32\config\systemprofile\AppData\Roaming\MiKTeX\2.9\tex\latex\
framed\framed.sty
Package: framed 2011/10/22 v 0.96: framed or shaded text with page breaks
\OuterFrameSep=\skip93
\fb@frw=\dimen290
\fb@frh=\dimen291
\FrameRule=\dimen292
\FrameSep=\dimen293
) ("C:\Program Files\MiKTeX 2.9\tex\latex\setspace\setspace.sty"
Package: setspace 2011/12/19 v6.7a set line spacing
) ("C:\Program Files\MiKTeX 2.9\tex\latex\babel\babel.sty"
Package: babel 2014/09/25 3.9l The Babel package
*************************************
* Local config file bblopts.cfg used
*
("C:\Program Files\MiKTeX 2.9\tex\latex\00miktex\bblopts.cfg"
File: bblopts.cfg